Building DAG of jobs...
Using shell: /usr/bin/bash
Provided cores: 1 (use --cores to define parallelism)
Rules claiming more threads will be scaled down.
Job stats:
job             count
------------  -------
kamen               1
process_data        1
total               2

Select jobs to execute...
Execute 1 jobs...

[Fri Jun  7 12:20:10 2024]
localrule process_data:
    output: data/processed_data.txt
    jobid: 1
    reason: Code has changed since last execution
    resources: tmpdir=/tmp

Terminating processes on user request, this might take some time.
[Fri Jun  7 12:22:16 2024]
Error in rule process_data:
    jobid: 1
    output: data/processed_data.txt

Complete log: .snakemake/log/2024-06-07T122010.013663.snakemake.log
WorkflowError:
At least one job did not complete successfully.
