Building DAG of jobs...
Using shell: /usr/bin/bash
Provided cores: 1 (use --cores to define parallelism)
Rules claiming more threads will be scaled down.
Job stats:
job      count
-----  -------
kamen        1
total        1

Select jobs to execute...
Execute 1 jobs...

[Fri Jun  7 12:07:09 2024]
localrule kamen:
    input: data/processed_data.txt
    output: data/processed_data2.txt
    jobid: 0
    reason: Missing output files: data/processed_data2.txt
    resources: tmpdir=/tmp

[Fri Jun  7 12:07:09 2024]
Error in rule kamen:
    jobid: 0
    input: data/processed_data.txt
    output: data/processed_data2.txt
    shell:
        
        cat some >> data/processed_data2.txt
        cat some >> data/processed_data2.txt
        cat some >> data/processed_data2.txt
        
        (one of the commands exited with non-zero exit code; note that snakemake uses bash strict mode!)

Removing output files of failed job kamen since they might be corrupted:
data/processed_data2.txt
Shutting down, this might take some time.
Exiting because a job execution failed. Look above for error message
Complete log: .snakemake/log/2024-06-07T120709.311537.snakemake.log
WorkflowError:
At least one job did not complete successfully.
