Building DAG of jobs...
Using shell: /usr/bin/bash
Provided cores: 1 (use --cores to define parallelism)
Rules claiming more threads will be scaled down.
Job stats:
job      count
-----  -------
kamen        1
total        1

Select jobs to execute...
Execute 1 jobs...

[Fri Jun  7 12:14:27 2024]
localrule kamen:
    input: data/processed_data.txt
    output: data/processed_data2.txt
    jobid: 0
    reason: Missing output files: data/processed_data2.txt
    resources: tmpdir=/tmp

[Fri Jun  7 12:14:27 2024]
Finished job 0.
1 of 1 steps (100%) done
Complete log: .snakemake/log/2024-06-07T121427.270070.snakemake.log
