Building DAG of jobs...
Using shell: /usr/bin/bash
Provided cores: 1 (use --cores to define parallelism)
Rules claiming more threads will be scaled down.
Job stats:
job                                              count
---------------------------------------------  -------
process_data_2d031868813afdbac602c36c3e760d6e        1
total                                                1

Select jobs to execute...
Execute 1 jobs...

[Fri Jun  7 10:28:22 2024]
localrule process_data_2d031868813afdbac602c36c3e760d6e:
    output: data/processed_data.txt
    jobid: 0
    reason: Missing output files: data/processed_data.txt
    resources: tmpdir=/tmp

[Fri Jun  7 10:28:22 2024]
Error in rule process_data_2d031868813afdbac602c36c3e760d6e:
    jobid: 0
    output: data/processed_data.txt
    shell:
        
        tr '[:lower:]' '[:upper:]' < 1, 2, 3, 4, 5, 6, 7 > data/processed_data.txt
        
        (one of the commands exited with non-zero exit code; note that snakemake uses bash strict mode!)

Shutting down, this might take some time.
Exiting because a job execution failed. Look above for error message
Complete log: .snakemake/log/2024-06-07T102822.093571.snakemake.log
WorkflowError:
At least one job did not complete successfully.
