Building DAG of jobs...
Using shell: /usr/bin/bash
Provided cores: 1 (use --cores to define parallelism)
Rules claiming more threads will be scaled down.
Job stats:
job             count
------------  -------
all                 1
process_data        1
total               2

Select jobs to execute...
Execute 1 jobs...

[Fri Jun  7 11:14:43 2024]
localrule process_data:
    output: data/processed_data.txt
    jobid: 1
    reason: Code has changed since last execution; Params have changed since last execution
    resources: tmpdir=/tmp

[Fri Jun  7 11:14:43 2024]
Finished job 1.
1 of 2 steps (50%) done
Select jobs to execute...
Execute 1 jobs...

[Fri Jun  7 11:14:43 2024]
localrule all:
    input: data/processed_data.txt, data/processed_data2.txt
    jobid: 0
    reason: Input files updated by another job: data/processed_data.txt
    resources: tmpdir=/tmp

[Fri Jun  7 11:14:43 2024]
Finished job 0.
2 of 2 steps (100%) done
Complete log: .snakemake/log/2024-06-07T111443.630783.snakemake.log
