Building DAG of jobs...
Using shell: /usr/bin/bash
Provided cores: 1 (use --cores to define parallelism)
Rules claiming more threads will be scaled down.
Job stats:
job              count
-------------  -------
all                  1
download_data        1
process_data         1
total                3

Select jobs to execute...
Execute 1 jobs...

[Fri Jun  7 11:23:33 2024]
localrule process_data:
    output: data/processed_data.txt
    jobid: 2
    reason: Missing output files: data/processed_data.txt
    resources: tmpdir=/tmp

[Fri Jun  7 11:23:33 2024]
Finished job 2.
1 of 3 steps (33%) done
Select jobs to execute...
Execute 1 jobs...

[Fri Jun  7 11:23:33 2024]
localrule download_data:
    input: data/processed_data.txt
    output: data/processed_data2.txt
    jobid: 1
    reason: Missing output files: data/processed_data2.txt; Input files updated by another job: data/processed_data.txt
    resources: tmpdir=/tmp

[Fri Jun  7 11:23:33 2024]
Finished job 1.
2 of 3 steps (67%) done
Select jobs to execute...
Execute 1 jobs...

[Fri Jun  7 11:23:33 2024]
localrule all:
    input: data/processed_data2.txt
    jobid: 0
    reason: Input files updated by another job: data/processed_data2.txt
    resources: tmpdir=/tmp

[Fri Jun  7 11:23:33 2024]
Finished job 0.
3 of 3 steps (100%) done
Complete log: .snakemake/log/2024-06-07T112333.162845.snakemake.log
